[31merror[39m | Jan-31-2023 09:55:41 | Hubo un error, por favor verifica los datos
[31merror[39m | Jan-31-2023 09:56:57 | Hubo un error, por favor verifica los datos
[31merror[39m | Jan-31-2023 11:48:34 | Hubo un error, por favor verifica los datos
[31merror[39m | Jan-31-2023 11:56:32 | Hubo un error, por favor verifica los datos
[31merror[39m | Jan-31-2023 11:57:26 | Hubo un error, por favor verifica los datos
[31merror[39m | Jan-31-2023 11:58:32 | Hubo un error, por favor verifica los datosReferenceError: id is not defined
[31merror[39m | Jan-31-2023 12:20:19 | Hubo un error, por favor verifica los datosCastError: Cast to ObjectId failed for value "listadoDeproductos" (type string) at path "_id" for model "carritos"
[31merror[39m | Jan-31-2023 12:21:53 | Hubo un error, por favor verifica los datosCastError: Cast to ObjectId failed for value "listadoDeproductos" (type string) at path "_id" for model "carritos"
[31merror[39m | Jan-31-2023 12:23:01 | Hubo un error, por favor verifica los datosCastError: Cast to ObjectId failed for value "listadoDeproductos" (type string) at path "_id" for model "carritos"
[31merror[39m | Jan-31-2023 12:23:49 | Hubo un error, por favor verifica los datos CastError: Cast to ObjectId failed for value "listadoDeproductos" (type string) at path "_id" for model "carritos"
[31merror[39m | Jan-31-2023 12:24:50 | Hubo un error, por favor verifica los datos CastError: Cast to ObjectId failed for value "listadoDeproductos" (type string) at path "_id" for model "carritos"
[31merror[39m | Jan-31-2023 12:25:17 | Hubo un error, por favor verifica los datos CastError: Cast to ObjectId failed for value "listadoDeproductos" (type string) at path "_id" for model "carritos"
[31merror[39m | Jan-31-2023 12:26:01 | Hubo un error, por favor verifica los datos CastError: Cast to ObjectId failed for value "listadoDeproductos" (type string) at path "_id" for model "carritos"
[31merror[39m | Jan-31-2023 12:26:19 | Hubo un error, por favor verifica los datos CastError: Cast to ObjectId failed for value "listadoDeproductos" (type string) at path "_id" for model "carritos"
[31merror[39m | Jan-31-2023 12:27:21 | Hubo un error, por favor verifica los datos CastError: Cast to ObjectId failed for value "listadoDeproductos" (type string) at path "_id" for model "carritos"
[31merror[39m | Jan-31-2023 12:27:22 | Hubo un error, por favor verifica los datos CastError: Cast to ObjectId failed for value "listadoDeproductos" (type string) at path "_id" for model "carritos"
[31merror[39m | Jan-31-2023 12:27:54 | Hubo un error, por favor verifica los datos CastError: Cast to ObjectId failed for value "listadoDeproductos" (type string) at path "_id" for model "carritos"
[31merror[39m | Jan-31-2023 12:28:29 | Hubo un error, por favor verifica los datos TypeError: Cannot read properties of undefined (reading 'foreach')
[31merror[39m | Jan-31-2023 12:28:50 | Hubo un error, por favor verifica los datos TypeError: Cannot read properties of undefined (reading 'foreach')
[31merror[39m | Jan-31-2023 12:29:10 | Hubo un error, por favor verifica los datos TypeError: Cannot read properties of undefined (reading 'foreach')
[31merror[39m | Jan-31-2023 12:30:18 | Hubo un error, por favor verifica los datos TypeError: Cannot read properties of undefined (reading '_id')
[31merror[39m | Jan-31-2023 12:31:15 | Hubo un error, por favor verifica los datos TypeError: Cannot read properties of undefined (reading '0')
[31merror[39m | Jan-31-2023 12:31:37 | Hubo un error, por favor verifica los datos TypeError: Cannot read properties of undefined (reading 'foreach')
[31merror[39m | Jan-31-2023 12:36:40 | Hubo un error, por favor verifica los datos TypeError: Cannot read properties of undefined (reading '0')
[31merror[39m | Jan-31-2023 12:36:41 | Hubo un error, por favor verifica los datos TypeError: Cannot read properties of undefined (reading '0')
[31merror[39m | Jan-31-2023 12:36:42 | Hubo un error, por favor verifica los datos TypeError: Cannot read properties of undefined (reading '0')
[31merror[39m | Jan-31-2023 12:50:10 | Hubo un error, por favor verifica los datos TypeError: carritoModel.find(...).toObject is not a function
[31merror[39m | Jan-31-2023 12:51:05 | Hubo un error, por favor verifica los datos TypeError: carrito.toObject is not a function
[31merror[39m | Jan-31-2023 12:52:12 | Hubo un error, por favor verifica los datos TypeError: carrito.toObject is not a function
[31merror[39m | Jan-31-2023 13:22:00 | Hubo un error, por favor verifica los datos TypeError: Cannot read properties of undefined (reading 'toString')
[31merror[39m | Jan-31-2023 16:15:36 | Hubo un error, por favor verifica los datos
[31merror[39m | Jan-31-2023 16:15:46 | Hubo un error, por favor verifica los datos
[31merror[39m | Jan-31-2023 17:24:32 | Hubo un error, por favor verifica los datos ReferenceError: error is not defined
[31merror[39m | Feb-01-2023 01:24:48 | Hubo un error, por favor verifica los datos TypeError: Cannot read properties of undefined (reading 'foreach')
[31merror[39m | Feb-01-2023 01:25:23 | Hubo un error, por favor verifica los datos TypeError: carrito[0].productos.foreach is not a function
[31merror[39m | Feb-01-2023 01:28:50 | Hubo un error, por favor verifica los datos TypeError: carrito[0].productos.foreach is not a function
[31merror[39m | Feb-01-2023 01:29:12 | Hubo un error, por favor verifica los datos TypeError: carrito[0].productos.foreach is not a function
[31merror[39m | Feb-01-2023 01:29:13 | Hubo un error, por favor verifica los datos TypeError: carrito[0].productos.foreach is not a function
[31merror[39m | Feb-01-2023 01:31:31 | Hubo un error, por favor verifica los datos TypeError: carrito[0].productos.foreach is not a function
[31merror[39m | Feb-01-2023 01:32:23 | Hubo un error, por favor verifica los datos TypeError: carrito[0].productos.foreach is not a function
[31merror[39m | Feb-01-2023 01:33:14 | Hubo un error, por favor verifica los datos TypeError: carrito[0].productos.foreach is not a function
[31merror[39m | Feb-01-2023 01:33:47 | Hubo un error, por favor verifica los datos TypeError: carrito[0].productos.foreach is not a function
[31merror[39m | Feb-01-2023 01:34:47 | Hubo un error, por favor verifica los datos TypeError: carrito[0].productos.foreach is not a function
[31merror[39m | Feb-01-2023 01:35:10 | Hubo un error, por favor verifica los datos TypeError: carrito[0].productos.foreach is not a function
[31merror[39m | Feb-01-2023 01:35:11 | Hubo un error, por favor verifica los datos TypeError: carrito[0].productos.foreach is not a function
[31merror[39m | Feb-01-2023 01:35:35 | Hubo un error, por favor verifica los datos TypeError: carrito[0].productos.foreach is not a function
[31merror[39m | Feb-01-2023 01:39:40 | Hubo un error, por favor verifica los datos TypeError: carrito[0].productos.foreach is not a function
[31merror[39m | Feb-01-2023 01:41:15 | Hubo un error, por favor verifica los datos TypeError: carrito[0].productos.foreach is not a function
[31merror[39m | Feb-01-2023 01:41:45 | Hubo un error, por favor verifica los datos TypeError: carrito[0].productos.foreach is not a function
[31merror[39m | Feb-01-2023 01:42:02 | Hubo un error, por favor verifica los datos TypeError: carrito[0].productos.foreach is not a function
[31merror[39m | Feb-01-2023 01:46:30 | Hubo un error, por favor verifica los datos ReferenceError: producto is not defined
[31merror[39m | Feb-01-2023 01:52:43 | Hubo un error, por favor verifica los datos TypeError: carrito[0].productos.pluck is not a function
[31merror[39m | Feb-01-2023 10:08:44 | Hubo un error, por favor verifica los datos TypeError: Cannot read properties of undefined (reading 'username')
[31merror[39m | Feb-01-2023 10:12:48 | Hubo un error, por favor verifica los datos TypeError: Cannot read properties of undefined (reading 'productos')
[31merror[39m | Feb-01-2023 10:27:59 | Hubo un error, por favor verifica los datos TypeError: Cannot read properties of undefined (reading 'username')
[31merror[39m | Feb-06-2023 21:05:38 | Hubo un error, por favor verifica los datos
[31merror[39m | Feb-06-2023 21:06:24 | Hubo un error, por favor verifica los datos
[31merror[39m | Feb-06-2023 21:07:42 | error, carrito no encontrado
[31merror[39m | Feb-06-2023 21:09:59 | error, producto no encontrado
[31merror[39m | Feb-06-2023 21:16:21 | error, producto no encontrado
[31merror[39m | Feb-06-2023 21:24:47 | error, carrito no encontrado
[31merror[39m | Feb-06-2023 21:24:57 | error, carrito no encontrado
[31merror[39m | Feb-06-2023 21:27:08 | Hubo un error, por favor verifica los datos
[31merror[39m | Feb-06-2023 21:27:13 | Hubo un error, por favor verifica los datos
[31merror[39m | Feb-06-2023 21:27:30 | Hubo un error, por favor verifica los datos
[31merror[39m | Feb-06-2023 21:27:43 | Hubo un error, por favor verifica los datos
[31merror[39m | Feb-06-2023 21:27:46 | Hubo un error, por favor verifica los datos
[31merror[39m | Feb-06-2023 21:28:24 | Hubo un error, por favor verifica los datos
[31merror[39m | Feb-06-2023 21:28:26 | Hubo un error, por favor verifica los datos
[31merror[39m | Feb-06-2023 21:30:17 | Hubo un error, por favor verifica los datos
[31merror[39m | Feb-06-2023 21:30:18 | Hubo un error, por favor verifica los datos
[31merror[39m | Feb-06-2023 21:31:30 | Hubo un error, por favor verifica los datos
[31merror[39m | Feb-06-2023 21:31:31 | Hubo un error, por favor verifica los datos
[31merror[39m | Feb-06-2023 21:34:06 | Hubo un error, por favor verifica los datos
[31merror[39m | Feb-06-2023 21:34:07 | Hubo un error, por favor verifica los datos
[31merror[39m | Feb-06-2023 21:34:59 | Hubo un error, por favor verifica los datos
[31merror[39m | Feb-06-2023 21:35:32 | Hubo un error, por favor verifica los datos
[31merror[39m | Feb-06-2023 21:37:25 | Hubo un error, por favor verifica los datos
[31merror[39m | Feb-06-2023 21:38:21 | Hubo un error, por favor verifica los datos
[31merror[39m | Feb-06-2023 21:38:24 | Hubo un error, por favor verifica los datos
[31merror[39m | Feb-06-2023 21:39:12 | Hubo un error, por favor verifica los datos TypeError: Cannot read properties of undefined (reading 'push')
[31merror[39m | Feb-06-2023 21:41:21 | Hubo un error, por favor verifica los datos
[31merror[39m | Feb-06-2023 21:42:20 | Hubo un error, por favor verifica los datosTypeError: Cannot read properties of undefined (reading 'find')
[31merror[39m | Feb-06-2023 21:44:10 | Hubo un error, por favor verifica los datosReferenceError: productoElegido is not defined
[31merror[39m | Feb-06-2023 21:44:11 | Hubo un error, por favor verifica los datosReferenceError: productoElegido is not defined
[31merror[39m | Feb-06-2023 21:45:40 | Hubo un error, por favor verifica los datosTypeError: Cannot read properties of undefined (reading 'find')
[31merror[39m | Feb-06-2023 21:46:08 | Hubo un error, por favor verifica los datosTypeError: Cannot read properties of undefined (reading 'find')
[31merror[39m | Feb-06-2023 21:48:03 | Hubo un error, por favor verifica los datosTypeError: Cannot read properties of undefined (reading 'find')
[31merror[39m | Feb-07-2023 01:25:16 | Hubo un error, por favor verifica los datos TypeError: Cannot read properties of undefined (reading 'productos')
[31merror[39m | Feb-07-2023 01:27:14 | Hubo un error, por favor verifica los datos TypeError: Cannot read properties of undefined (reading 'productos')
[31merror[39m | Feb-07-2023 01:27:33 | Hubo un error, por favor verifica los datos TypeError: Cannot read properties of undefined (reading 'productos')
[31merror[39m | Feb-07-2023 01:27:43 | Hubo un error, por favor verifica los datos TypeError: console.logc is not a function
[31merror[39m | Feb-07-2023 01:28:50 | error, carrito no encontrado
[31merror[39m | Feb-07-2023 01:29:24 | Hubo un error, por favor verifica los datos TypeError: Cannot read properties of undefined (reading 'username')
[31merror[39m | Feb-14-2023 10:39:53 | error, producto no encontrado
[31merror[39m | Feb-14-2023 10:39:55 | error, producto no encontrado
[31merror[39m | Feb-14-2023 10:40:22 | error, producto no encontrado
[31merror[39m | Feb-14-2023 10:40:24 | error, producto no encontrado
[31merror[39m | Feb-14-2023 10:41:51 | error, producto no encontrado
[31merror[39m | Feb-14-2023 10:42:08 | error, producto no encontrado
[31merror[39m | Feb-14-2023 10:42:23 | error, producto no encontrado
[31merror[39m | Feb-14-2023 10:44:44 | error, producto no encontrado
[31merror[39m | Feb-14-2023 10:46:51 | error, producto no encontrado
[31merror[39m | Feb-14-2023 10:47:11 | error, producto no encontrado
[31merror[39m | Feb-14-2023 10:48:52 | error, producto no encontrado
[31merror[39m | Feb-14-2023 11:22:48 | El carrito con id:63eb992d456c904168577682 todavía no tiene productos
[31merror[39m | Feb-14-2023 15:34:42 | Hubo un error, por favor verifica los datosTypeError: Cannot read properties of undefined (reading 'length')
[31merror[39m | Feb-14-2023 15:47:08 | Hubo un error, por favor verifica los datosTypeError: Cannot read properties of undefined (reading 'length')
[31merror[39m | Feb-14-2023 15:48:29 | Hubo un error, por favor verifica los datosTypeError: Cannot read properties of undefined (reading 'length')
[31merror[39m | Feb-14-2023 15:59:35 | Hubo un error, por favor verifica los datosTypeError: Cannot read properties of undefined (reading 'length')
[31merror[39m | Feb-14-2023 16:14:16 | error, carrito no encontrado
[31merror[39m | Feb-14-2023 16:14:32 | Hubo un error, por favor verifica los datosTypeError: Cannot read properties of undefined (reading 'length')
[31merror[39m | Feb-14-2023 16:16:48 | Hubo un error, por favor verifica los datosTypeError: Cannot read properties of undefined (reading 'length')
[31merror[39m | Feb-14-2023 16:25:38 | Hubo un error, por favor verifica los datosTypeError: Cannot read properties of undefined (reading 'length')
[31merror[39m | Feb-14-2023 17:08:50 | El carrito con id:63ebea32a746023771690551 todavía no tiene productos
[31merror[39m | Feb-14-2023 17:09:02 | Hubo un error, por favor verifica los datos TypeError: Cannot read properties of undefined (reading 'username')
[31merror[39m | Feb-14-2023 17:09:27 | Hubo un error, por favor verifica los datosError: Authenticate
[31merror[39m | Feb-15-2023 12:12:04 | El carrito con id:63ecf631e7aa6c4e0a9c8132 todavía no tiene productos
[31merror[39m | Feb-21-2023 16:49:20 | Hubo un error, por favor verifica los datos
[31merror[39m | Feb-21-2023 16:49:34 | Hubo un error, por favor verifica los datos
[31merror[39m | Feb-21-2023 18:06:44 | El carrito con id:63f531af6d81814f7883a47f todavía no tiene productos
[31merror[39m | Feb-21-2023 18:35:40 | cantidad ingresada menor a 0
[31merror[39m | Feb-21-2023 18:45:10 | Hubo un error, por favor verifica los datos TypeError: Cannot read properties of undefined (reading 'username')
[31merror[39m | Feb-21-2023 18:46:59 | Hubo un error, por favor verifica los datos TypeError: Cannot read properties of undefined (reading 'username')
[31merror[39m | Feb-21-2023 18:49:27 | Hubo un error, por favor verifica los datos TypeError: Cannot read properties of undefined (reading 'username')
[31merror[39m | Feb-21-2023 18:50:11 | Hubo un error, por favor verifica los datos TypeError: Cannot read properties of undefined (reading 'username')
[31merror[39m | Feb-21-2023 18:51:57 | Hubo un error, por favor verifica los datos TypeError: Cannot read properties of undefined (reading 'username')
[31merror[39m | Feb-21-2023 18:53:50 | Hubo un error, por favor verifica los datos TypeError: Cannot read properties of undefined (reading 'username')
[31merror[39m | Feb-21-2023 18:55:54 | Hubo un error, por favor verifica los datos TypeError: Cannot read properties of undefined (reading 'username')
[31merror[39m | Feb-21-2023 18:57:29 | Hubo un error, por favor verifica los datos TypeError: Cannot read properties of undefined (reading 'productos')
[31merror[39m | Feb-21-2023 18:59:40 | Hubo un error, por favor verifica los datos TypeError: Cannot read properties of undefined (reading 'username')
[31merror[39m | Feb-21-2023 19:00:32 | Hubo un error, por favor verifica los datos TypeError: Cannot read properties of undefined (reading 'username')
[31merror[39m | Feb-21-2023 19:03:21 | Hubo un error, por favor verifica los datos TypeError: Cannot read properties of undefined (reading 'username')
[31merror[39m | Feb-21-2023 19:03:33 | Hubo un error, por favor verifica los datos TypeError: Cannot read properties of undefined (reading 'productos')
[31merror[39m | Feb-21-2023 19:03:38 | Hubo un error, por favor verifica los datos TypeError: Cannot read properties of undefined (reading 'username')
[31merror[39m | Feb-21-2023 19:07:01 | Hubo un error, por favor verifica los datos TypeError: Cannot read properties of undefined (reading 'username')
[31merror[39m | Feb-21-2023 19:08:04 | Hubo un error, por favor verifica los datos TypeError: Cannot read properties of undefined (reading 'username')
[31merror[39m | Feb-21-2023 19:08:43 | Hubo un error, por favor verifica los datos TypeError: Cannot read properties of undefined (reading 'username')
[31merror[39m | Feb-21-2023 19:09:10 | Hubo un error, por favor verifica los datos TypeError: Cannot read properties of undefined (reading 'username')
[31merror[39m | Feb-21-2023 19:12:44 | Hubo un error, por favor verifica los datos TypeError: Cannot read properties of undefined (reading 'productos')
[31merror[39m | Feb-21-2023 19:13:33 | Hubo un error, por favor verifica los datos TypeError: Cannot read properties of undefined (reading 'productos')
[31merror[39m | Feb-21-2023 19:14:20 | Hubo un error, por favor verifica los datos TypeError: Cannot read properties of undefined (reading 'username')
[31merror[39m | Feb-21-2023 19:48:11 | Hubo un error, por favor verifica los datos TypeError: Cannot read properties of undefined (reading 'productos')
[31merror[39m | Feb-21-2023 19:48:33 | Hubo un error, por favor verifica los datos TypeError: Cannot read properties of undefined (reading 'username')
[31merror[39m | Feb-21-2023 19:48:40 | Hubo un error, por favor verifica los datos TypeError: Cannot read properties of undefined (reading 'username')
[31merror[39m | Feb-21-2023 19:48:55 | Hubo un error, por favor verifica los datos TypeError: Cannot read properties of undefined (reading 'username')
[31merror[39m | Feb-21-2023 19:51:14 | Hubo un error, por favor verifica los datos TypeError: Cannot read properties of undefined (reading 'username')
[31merror[39m | Feb-21-2023 19:51:51 | Hubo un error, por favor verifica los datos TypeError: Cannot read properties of undefined (reading 'username')
[31merror[39m | Feb-21-2023 19:52:46 | Hubo un error, por favor verifica los datos TypeError: Cannot read properties of undefined (reading 'username')
[31merror[39m | Feb-21-2023 21:45:42 | Hubo un error, por favor verifica los datos TypeError: Cannot read properties of undefined (reading 'productos')
[31merror[39m | Feb-21-2023 21:45:53 | Hubo un error, por favor verifica los datos TypeError: Cannot read properties of undefined (reading 'productos')
[31merror[39m | Feb-21-2023 21:48:27 | Hubo un error, por favor verifica los datos TypeError: Cannot read properties of undefined (reading 'productos')
[31merror[39m | Feb-21-2023 21:48:42 | Hubo un error, por favor verifica los datos TypeError: Cannot read properties of undefined (reading 'productos')
[31merror[39m | Feb-21-2023 22:12:55 | Hubo un error, por favor verifica los datos TypeError: Cannot read properties of undefined (reading 'username')
[31merror[39m | Feb-21-2023 22:14:34 | Hubo un error, por favor verifica los datos TypeError: Cannot read properties of undefined (reading 'username')
[31merror[39m | Feb-21-2023 22:15:20 | Hubo un error, por favor verifica los datos TypeError: Cannot read properties of undefined (reading 'username')
[31merror[39m | Feb-21-2023 22:22:02 | Hubo un error, por favor verifica los datos TypeError: Cannot read properties of undefined (reading 'username')
[31merror[39m | Feb-21-2023 22:26:37 | Hubo un error, por favor verifica los datos TypeError: Cannot read properties of undefined (reading 'username')
[31merror[39m | Feb-21-2023 22:27:03 | Hubo un error, por favor verifica los datos TypeError: Cannot read properties of undefined (reading 'username')
[31merror[39m | Feb-21-2023 23:04:36 | Hubo un error, por favor verifica los datos TypeError: Cannot read properties of undefined (reading 'username')
[31merror[39m | Feb-21-2023 23:43:33 | Hubo un error, por favor verifica los datos TypeError: Cannot read properties of undefined (reading 'username')
[31merror[39m | Feb-21-2023 23:43:37 | Hubo un error, por favor verifica los datos TypeError: Cannot read properties of undefined (reading 'username')
[31merror[39m | Feb-21-2023 23:49:54 | Hubo un error, por favor verifica los datos TypeError: Cannot read properties of undefined (reading 'productos')
[31merror[39m | Feb-21-2023 23:50:10 | Hubo un error, por favor verifica los datos TypeError: Cannot read properties of undefined (reading 'username')
[31merror[39m | Feb-22-2023 00:41:25 | Hubo un error, por favor verifica los datos TypeError: Cannot read properties of undefined (reading 'username')
[31merror[39m | Feb-22-2023 01:14:13 | Hubo un error, por favor verifica los datos TypeError: Cannot read properties of undefined (reading 'username')
[31merror[39m | Feb-22-2023 01:21:15 | Hubo un error, por favor verifica los datos TypeError: Cannot read properties of undefined (reading 'username')
[31merror[39m | Feb-22-2023 01:24:06 | Hubo un error, por favor verifica los datos TypeError: Cannot read properties of undefined (reading 'productos')
[31merror[39m | Feb-22-2023 01:24:24 | Hubo un error, por favor verifica los datos TypeError: Cannot read properties of undefined (reading 'username')
[31merror[39m | Feb-22-2023 01:27:31 | Hubo un error, por favor verifica los datos TypeError: Cannot read properties of undefined (reading 'username')
[31merror[39m | Feb-22-2023 01:29:03 | Hubo un error, por favor verifica los datos TypeError: Cannot read properties of undefined (reading 'username')
[31merror[39m | Feb-22-2023 01:37:04 | Hubo un error, por favor verifica los datos TypeError: Cannot read properties of undefined (reading 'productos')
[31merror[39m | Feb-22-2023 01:38:34 | Por favor logueate antes de confirmar el pedido
[31merror[39m | Feb-22-2023 01:38:34 | Hubo un error, por favor verifica los datos TypeError: Cannot read properties of null (reading '_id')
[31merror[39m | Feb-22-2023 01:40:22 | Hubo un error, por favor verifica los datos TypeError: Cannot read properties of undefined (reading 'productos')
[31merror[39m | Feb-22-2023 01:40:35 | Hubo un error, por favor verifica los datos TypeError: Cannot read properties of undefined (reading 'productos')
[31merror[39m | Feb-22-2023 01:45:23 | Hubo un error, por favor verifica los datos TypeError: Cannot read properties of undefined (reading '_id')
[31merror[39m | Feb-22-2023 01:46:14 | Hubo un error, por favor verifica los datos TypeError: Cannot read properties of undefined (reading '_id')
[31merror[39m | Feb-22-2023 01:48:08 | Por favor logueate antes de confirmar el pedido
[31merror[39m | Feb-22-2023 03:29:34 | Por favor logueate antes de confirmar el pedido
[31merror[39m | Feb-22-2023 11:30:52 | Hubo un error, por favor verifica los datos
[31merror[39m | Feb-22-2023 12:15:00 | error, producto no encontrado
[31merror[39m | Feb-22-2023 12:23:17 | Hubo un error, por favor verifica los datos
[31merror[39m | Feb-22-2023 16:53:36 | El carrito con id:63f672aeaee02bf2d0d33d1a todavía no tiene productos
[31merror[39m | Feb-22-2023 16:55:25 | El carrito con id:63f6732c70a394bf9a32bad6 todavía no tiene productos
[31merror[39m | Feb-22-2023 17:04:56 | Hubo un error, por favor verifica los datos TypeError: Cannot read properties of undefined (reading '_id')
[31merror[39m | Feb-22-2023 17:05:04 | Hubo un error, por favor verifica los datos TypeError: Cannot read properties of undefined (reading '_id')
[31merror[39m | Feb-22-2023 17:10:32 | cantidad ingresada menor a 0
[31merror[39m | Feb-22-2023 17:11:59 | cantidad ingresada menor a 0
[31merror[39m | Feb-22-2023 17:14:49 | cantidad ingresada menor a 0
[31merror[39m | Feb-22-2023 17:15:40 | cantidad ingresada menor a 0
[31merror[39m | Feb-22-2023 17:37:44 | Hubo un error, por favor verifica los datos TypeError: Cannot read properties of undefined (reading '_id')
[31merror[39m | Feb-22-2023 17:38:52 | error, producto no encontrado
[31merror[39m | Feb-22-2023 17:39:07 | error, producto no encontrado
[31merror[39m | Feb-22-2023 17:39:46 | error, producto no encontrado
[31merror[39m | Feb-22-2023 18:46:37 | Por favor logueate antes de confirmar el pedido
[31merror[39m | Feb-22-2023 18:48:24 | Por favor logueate antes de confirmar el pedido
[31merror[39m | Feb-22-2023 18:51:32 | Por favor logueate antes de confirmar el pedido
[31merror[39m | Feb-22-2023 19:00:54 | Por favor logueate antes de confirmar el pedido
[31merror[39m | Feb-22-2023 19:01:27 | Por favor logueate antes de confirmar el pedido
[31merror[39m | Feb-22-2023 19:03:15 | Por favor logueate antes de confirmar el pedido
